Αυγ-02 19:13:24.183 [main] DEBUG nextflow.cli.Launcher - $> nextflow run test-1.nf -resume
Αυγ-02 19:13:24.323 [main] INFO  nextflow.cli.CmdRun - N E X T F L O W  ~  version 23.04.2
Αυγ-02 19:13:24.343 [main] DEBUG nextflow.plugin.PluginsFacade - Setting up plugin manager > mode=prod; embedded=false; plugins-dir=/home/nikoverg/.nextflow/plugins; core-plugins: nf-amazon@1.16.2,nf-azure@1.0.1,nf-codecommit@0.1.4,nf-console@1.0.5,nf-ga4gh@1.0.5,nf-google@1.7.3,nf-tower@1.5.12,nf-wave@0.8.3
Αυγ-02 19:13:24.352 [main] INFO  org.pf4j.DefaultPluginStatusProvider - Enabled plugins: []
Αυγ-02 19:13:24.353 [main] INFO  org.pf4j.DefaultPluginStatusProvider - Disabled plugins: []
Αυγ-02 19:13:24.356 [main] INFO  org.pf4j.DefaultPluginManager - PF4J version 3.4.1 in 'deployment' mode
Αυγ-02 19:13:24.365 [main] INFO  org.pf4j.AbstractPluginManager - No plugins
Αυγ-02 19:13:24.437 [main] DEBUG nextflow.cli.CmdRun - Applied DSL=2 by global default
Αυγ-02 19:13:24.457 [main] INFO  nextflow.cli.CmdRun - Launching `test-1.nf` [intergalactic_stallman] DSL2 - revision: 1933eaf878
Αυγ-02 19:13:24.458 [main] DEBUG nextflow.plugin.PluginsFacade - Plugins default=[]
Αυγ-02 19:13:24.458 [main] DEBUG nextflow.plugin.PluginsFacade - Plugins resolved requirement=[]
Αυγ-02 19:13:24.467 [main] DEBUG nextflow.secret.LocalSecretsProvider - Secrets store: /home/nikoverg/.nextflow/secrets/store.json
Αυγ-02 19:13:24.475 [main] DEBUG nextflow.secret.SecretsLoader - Discovered secrets providers: [nextflow.secret.LocalSecretsProvider@77128dab] - activable => nextflow.secret.LocalSecretsProvider@77128dab
Αυγ-02 19:13:24.541 [main] DEBUG nextflow.Session - Session UUID: f9992e0e-5e27-4f3a-b674-a8bab3a03826
Αυγ-02 19:13:24.541 [main] DEBUG nextflow.Session - Run name: intergalactic_stallman
Αυγ-02 19:13:24.543 [main] DEBUG nextflow.Session - Executor pool size: 4
Αυγ-02 19:13:24.554 [main] DEBUG nextflow.util.ThreadPoolBuilder - Creating thread pool 'FileTransfer' minSize=10; maxSize=12; workQueue=LinkedBlockingQueue[10000]; allowCoreThreadTimeout=false
Αυγ-02 19:13:24.583 [main] DEBUG nextflow.cli.CmdRun - 
  Version: 23.04.2 build 5870
  Created: 08-06-2023 08:29 UTC (11:29 EEST)
  System: Linux 5.15.122-1-MANJARO
  Runtime: Groovy 3.0.16 on OpenJDK 64-Bit Server VM 17.0.3-internal+0-adhoc..src
  Encoding: UTF-8 (UTF-8)
  Process: 52517@nv-main [127.0.1.1]
  CPUs: 4 - Mem: 15.6 GB (11.6 GB) - Swap: 0 (0)
Αυγ-02 19:13:24.623 [main] DEBUG nextflow.Session - Work-dir: /home/nikoverg/Documents/bioinformatics/projects/Thesis/scripts/work [ext2/ext3]
Αυγ-02 19:13:24.662 [main] DEBUG nextflow.executor.ExecutorFactory - Extension executors providers=[]
Αυγ-02 19:13:24.672 [main] DEBUG nextflow.Session - Observer factory: DefaultObserverFactory
Αυγ-02 19:13:24.711 [main] DEBUG nextflow.cache.CacheFactory - Using Nextflow cache factory: nextflow.cache.DefaultCacheFactory
Αυγ-02 19:13:24.723 [main] DEBUG nextflow.util.CustomThreadPool - Creating default thread pool > poolSize: 5; maxThreads: 1000
Αυγ-02 19:13:24.809 [main] DEBUG nextflow.Session - Session start
Αυγ-02 19:13:25.503 [main] DEBUG nextflow.script.ScriptRunner - > Launching execution
Αυγ-02 19:13:25.588 [main] DEBUG nextflow.executor.ExecutorFactory - << taskConfig executor: null
Αυγ-02 19:13:25.588 [main] DEBUG nextflow.executor.ExecutorFactory - >> processorType: 'local'
Αυγ-02 19:13:25.594 [main] DEBUG nextflow.executor.Executor - [warm up] executor > local
Αυγ-02 19:13:25.598 [main] DEBUG n.processor.LocalPollingMonitor - Creating local task monitor for executor 'local' > cpus=4; memory=15.6 GB; capacity=4; pollInterval=100ms; dumpInterval=5m
Αυγ-02 19:13:25.716 [main] DEBUG nextflow.executor.ExecutorFactory - << taskConfig executor: null
Αυγ-02 19:13:25.716 [main] DEBUG nextflow.executor.ExecutorFactory - >> processorType: 'local'
Αυγ-02 19:13:25.723 [main] DEBUG nextflow.executor.ExecutorFactory - << taskConfig executor: null
Αυγ-02 19:13:25.723 [main] DEBUG nextflow.executor.ExecutorFactory - >> processorType: 'local'
Αυγ-02 19:13:25.728 [main] DEBUG nextflow.Session - Workflow process names [dsl2]: FISHERMAN, Seq_Sep, INTERPROSCAN
Αυγ-02 19:13:25.729 [main] DEBUG nextflow.Session - Igniting dataflow network (3)
Αυγ-02 19:13:25.729 [main] DEBUG nextflow.processor.TaskProcessor - Starting process > Seq_Sep
Αυγ-02 19:13:25.732 [main] DEBUG nextflow.processor.TaskProcessor - Starting process > INTERPROSCAN
Αυγ-02 19:13:25.741 [main] DEBUG nextflow.processor.TaskProcessor - Starting process > FISHERMAN
Αυγ-02 19:13:25.743 [main] DEBUG nextflow.script.ScriptRunner - > Awaiting termination 
Αυγ-02 19:13:25.743 [main] DEBUG nextflow.Session - Session await
Αυγ-02 19:13:25.881 [Actor Thread 4] INFO  nextflow.processor.TaskProcessor - [09/054585] Cached process > Seq_Sep
Αυγ-02 19:13:25.908 [Actor Thread 4] DEBUG nextflow.util.ThreadPoolBuilder - Creating thread pool 'PublishDir' minSize=10; maxSize=12; workQueue=LinkedBlockingQueue[10000]; allowCoreThreadTimeout=false
Αυγ-02 19:13:25.933 [Actor Thread 7] INFO  nextflow.processor.TaskProcessor - [a4/05d901] Cached process > INTERPROSCAN (3)
Αυγ-02 19:13:25.945 [Actor Thread 8] INFO  nextflow.processor.TaskProcessor - [ec/d22b0e] Cached process > INTERPROSCAN (4)
Αυγ-02 19:13:25.954 [Actor Thread 1] INFO  nextflow.processor.TaskProcessor - [b8/949d48] Cached process > INTERPROSCAN (2)
Αυγ-02 19:13:25.963 [Actor Thread 7] INFO  nextflow.processor.TaskProcessor - [a7/7baf69] Cached process > INTERPROSCAN (6)
Αυγ-02 19:13:26.000 [Task submitter] DEBUG n.executor.local.LocalTaskHandler - Launch cmd line: /bin/bash -ue .command.run
Αυγ-02 19:13:26.002 [Task submitter] INFO  nextflow.Session - [7e/ffc7ab] Submitted process > INTERPROSCAN (1)
Αυγ-02 19:13:26.008 [Task submitter] DEBUG n.executor.local.LocalTaskHandler - Launch cmd line: /bin/bash -ue .command.run
Αυγ-02 19:13:26.015 [Task submitter] INFO  nextflow.Session - [98/03b16c] Submitted process > FISHERMAN (1)
Αυγ-02 19:13:26.021 [Task submitter] DEBUG n.executor.local.LocalTaskHandler - Launch cmd line: /bin/bash -ue .command.run
Αυγ-02 19:13:26.022 [Task submitter] INFO  nextflow.Session - [fe/6a283c] Submitted process > INTERPROSCAN (5)
Αυγ-02 19:13:26.868 [Task monitor] DEBUG n.processor.TaskPollingMonitor - Task completed > TaskHandler[id: 7; name: FISHERMAN (1); status: COMPLETED; exit: 0; error: -; workDir: /home/nikoverg/Documents/bioinformatics/projects/Thesis/scripts/work/98/03b16c4f2347fdd8b7c13d209f5c6a]
Αυγ-02 19:13:26.882 [Task submitter] DEBUG n.executor.local.LocalTaskHandler - Launch cmd line: /bin/bash -ue .command.run
Αυγ-02 19:13:26.895 [Task submitter] INFO  nextflow.Session - [c2/f91450] Submitted process > FISHERMAN (2)
Αυγ-02 19:13:27.581 [Task monitor] DEBUG n.processor.TaskPollingMonitor - Task completed > TaskHandler[id: 8; name: FISHERMAN (2); status: COMPLETED; exit: 0; error: -; workDir: /home/nikoverg/Documents/bioinformatics/projects/Thesis/scripts/work/c2/f9145082ac6193240b59ae573beaa4]
Αυγ-02 19:13:27.609 [Task submitter] DEBUG n.executor.local.LocalTaskHandler - Launch cmd line: /bin/bash -ue .command.run
Αυγ-02 19:13:27.609 [Task submitter] INFO  nextflow.Session - [93/46bf9c] Submitted process > FISHERMAN (3)
Αυγ-02 19:13:28.352 [Task monitor] DEBUG n.processor.TaskPollingMonitor - Task completed > TaskHandler[id: 10; name: FISHERMAN (3); status: COMPLETED; exit: 0; error: -; workDir: /home/nikoverg/Documents/bioinformatics/projects/Thesis/scripts/work/93/46bf9c2566a0d2a31864c24d6678f1]
Αυγ-02 19:13:28.373 [Task submitter] DEBUG n.executor.local.LocalTaskHandler - Launch cmd line: /bin/bash -ue .command.run
Αυγ-02 19:13:28.378 [Task submitter] INFO  nextflow.Session - [c2/5be810] Submitted process > FISHERMAN (4)
Αυγ-02 19:13:29.616 [Task monitor] DEBUG n.processor.TaskPollingMonitor - Task completed > TaskHandler[id: 11; name: FISHERMAN (4); status: COMPLETED; exit: 0; error: -; workDir: /home/nikoverg/Documents/bioinformatics/projects/Thesis/scripts/work/c2/5be810226e7ffb0d3477a253dcecc5]
Αυγ-02 19:14:13.859 [Task monitor] DEBUG n.processor.TaskPollingMonitor - Task completed > TaskHandler[id: 6; name: INTERPROSCAN (5); status: COMPLETED; exit: 0; error: -; workDir: /home/nikoverg/Documents/bioinformatics/projects/Thesis/scripts/work/fe/6a283ca2b32e4757c4fe34ad57611d]
Αυγ-02 19:14:13.882 [Task submitter] DEBUG n.executor.local.LocalTaskHandler - Launch cmd line: /bin/bash -ue .command.run
Αυγ-02 19:14:13.882 [Task submitter] INFO  nextflow.Session - [a9/99c194] Submitted process > FISHERMAN (5)
Αυγ-02 19:14:14.352 [Task monitor] DEBUG n.processor.TaskPollingMonitor - Task completed > TaskHandler[id: 12; name: FISHERMAN (5); status: COMPLETED; exit: 0; error: -; workDir: /home/nikoverg/Documents/bioinformatics/projects/Thesis/scripts/work/a9/99c1949737f79f8fb50c9778615fa9]
Αυγ-02 19:14:15.063 [Task monitor] DEBUG n.processor.TaskPollingMonitor - Task completed > TaskHandler[id: 2; name: INTERPROSCAN (1); status: COMPLETED; exit: 0; error: -; workDir: /home/nikoverg/Documents/bioinformatics/projects/Thesis/scripts/work/7e/ffc7ab74cd9c9b6cee233afaf84bb6]
Αυγ-02 19:14:15.072 [Task submitter] DEBUG n.executor.local.LocalTaskHandler - Launch cmd line: /bin/bash -ue .command.run
Αυγ-02 19:14:15.073 [Task submitter] INFO  nextflow.Session - [86/330802] Submitted process > FISHERMAN (6)
Αυγ-02 19:14:15.469 [Task monitor] DEBUG n.processor.TaskPollingMonitor - Task completed > TaskHandler[id: 13; name: FISHERMAN (6); status: COMPLETED; exit: 0; error: -; workDir: /home/nikoverg/Documents/bioinformatics/projects/Thesis/scripts/work/86/3308028c0625190e8cb89562f4e6b5]
Αυγ-02 19:14:15.471 [main] DEBUG nextflow.Session - Session await > all processes finished
Αυγ-02 19:14:15.472 [main] DEBUG nextflow.Session - Session await > all barriers passed
Αυγ-02 19:14:15.475 [main] DEBUG nextflow.util.ThreadPoolManager - Thread pool 'PublishDir' shutdown completed (hard=false)
Αυγ-02 19:14:15.479 [main] DEBUG nextflow.trace.WorkflowStatsObserver - Workflow completed > WorkflowStats[succeededCount=8; failedCount=0; ignoredCount=0; cachedCount=5; pendingCount=0; submittedCount=0; runningCount=0; retriesCount=0; abortedCount=0; succeedDuration=1m 45s; failedDuration=0ms; cachedDuration=324ms;loadCpus=0; loadMemory=0; peakRunning=3; peakCpus=4; peakMemory=0; ]
Αυγ-02 19:14:15.625 [main] DEBUG nextflow.cache.CacheDB - Closing CacheDB done
Αυγ-02 19:14:15.648 [main] DEBUG nextflow.util.ThreadPoolManager - Thread pool 'FileTransfer' shutdown completed (hard=false)
Αυγ-02 19:14:15.648 [main] DEBUG nextflow.script.ScriptRunner - > Execution complete -- Goodbye
